{"C:\\Users\\Pastelin\\Developments\\mychatsAPI\\helpers\\formatNumber.js": {"path":"C:\\Users\\Pastelin\\Developments\\mychatsAPI\\helpers\\formatNumber.js","all":false,"statementMap":{"0":{"start":{"line":1,"column":0},"end":{"line":1,"column":47}},"1":{"start":{"line":2,"column":0},"end":{"line":2,"column":36}},"2":{"start":{"line":3,"column":0},"end":{"line":3,"column":48}},"3":{"start":{"line":4,"column":0},"end":{"line":4,"column":5}},"4":{"start":{"line":5,"column":0},"end":{"line":5,"column":60}},"5":{"start":{"line":6,"column":0},"end":{"line":6,"column":39}},"6":{"start":{"line":7,"column":0},"end":{"line":7,"column":6}},"7":{"start":{"line":8,"column":0},"end":{"line":8,"column":0}},"8":{"start":{"line":9,"column":0},"end":{"line":9,"column":41}},"9":{"start":{"line":10,"column":0},"end":{"line":10,"column":1}}},"s":{"0":1,"1":7,"2":2,"3":2,"4":7,"5":2,"6":2,"7":3,"8":3,"9":3},"branchMap":{"0":{"type":"branch","line":1,"loc":{"start":{"line":1,"column":15},"end":{"line":10,"column":1}},"locations":[{"start":{"line":1,"column":15},"end":{"line":10,"column":1}}]},"1":{"type":"branch","line":2,"loc":{"start":{"line":2,"column":35},"end":{"line":4,"column":5}},"locations":[{"start":{"line":2,"column":35},"end":{"line":4,"column":5}}]},"2":{"type":"branch","line":4,"loc":{"start":{"line":4,"column":4},"end":{"line":5,"column":36}},"locations":[{"start":{"line":4,"column":4},"end":{"line":5,"column":36}}]},"3":{"type":"branch","line":5,"loc":{"start":{"line":5,"column":32},"end":{"line":5,"column":56}},"locations":[{"start":{"line":5,"column":32},"end":{"line":5,"column":56}}]},"4":{"type":"branch","line":5,"loc":{"start":{"line":5,"column":59},"end":{"line":7,"column":6}},"locations":[{"start":{"line":5,"column":59},"end":{"line":7,"column":6}}]},"5":{"type":"branch","line":7,"loc":{"start":{"line":7,"column":4},"end":{"line":10,"column":1}},"locations":[{"start":{"line":7,"column":4},"end":{"line":10,"column":1}}]}},"b":{"0":[7],"1":[2],"2":[5],"3":[3],"4":[2],"5":[3]},"fnMap":{"0":{"name":"formatNumber","decl":{"start":{"line":1,"column":15},"end":{"line":10,"column":1}},"loc":{"start":{"line":1,"column":15},"end":{"line":10,"column":1}},"line":1}},"f":{"0":7}}
,"C:\\Users\\Pastelin\\Developments\\mychatsAPI\\helpers\\jwt.js": {"path":"C:\\Users\\Pastelin\\Developments\\mychatsAPI\\helpers\\jwt.js","all":false,"statementMap":{"0":{"start":{"line":1,"column":0},"end":{"line":1,"column":31}},"1":{"start":{"line":2,"column":0},"end":{"line":2,"column":23}},"2":{"start":{"line":3,"column":0},"end":{"line":3,"column":0}},"3":{"start":{"line":4,"column":0},"end":{"line":4,"column":54}},"4":{"start":{"line":5,"column":0},"end":{"line":5,"column":33}},"5":{"start":{"line":6,"column":0},"end":{"line":6,"column":40}},"6":{"start":{"line":7,"column":0},"end":{"line":7,"column":3}},"7":{"start":{"line":8,"column":0},"end":{"line":8,"column":0}},"8":{"start":{"line":9,"column":0},"end":{"line":9,"column":43}},"9":{"start":{"line":10,"column":0},"end":{"line":10,"column":0}},"10":{"start":{"line":11,"column":0},"end":{"line":11,"column":43}},"11":{"start":{"line":12,"column":0},"end":{"line":12,"column":21}},"12":{"start":{"line":13,"column":0},"end":{"line":13,"column":9}},"13":{"start":{"line":14,"column":0},"end":{"line":14,"column":15}},"14":{"start":{"line":15,"column":0},"end":{"line":15,"column":11}},"15":{"start":{"line":16,"column":0},"end":{"line":16,"column":6}},"16":{"start":{"line":17,"column":0},"end":{"line":17,"column":13}},"17":{"start":{"line":18,"column":0},"end":{"line":18,"column":14}},"18":{"start":{"line":19,"column":0},"end":{"line":19,"column":11}},"19":{"start":{"line":20,"column":0},"end":{"line":20,"column":7}},"20":{"start":{"line":21,"column":0},"end":{"line":21,"column":25}},"21":{"start":{"line":22,"column":0},"end":{"line":22,"column":8}},"22":{"start":{"line":23,"column":0},"end":{"line":23,"column":23}},"23":{"start":{"line":24,"column":0},"end":{"line":24,"column":18}},"24":{"start":{"line":25,"column":0},"end":{"line":25,"column":22}},"25":{"start":{"line":26,"column":0},"end":{"line":26,"column":9}},"26":{"start":{"line":27,"column":0},"end":{"line":27,"column":23}},"27":{"start":{"line":28,"column":0},"end":{"line":28,"column":7}},"28":{"start":{"line":29,"column":0},"end":{"line":29,"column":6}},"29":{"start":{"line":30,"column":0},"end":{"line":30,"column":5}},"30":{"start":{"line":31,"column":0},"end":{"line":31,"column":2}}},"s":{"0":1,"1":1,"2":1,"3":1,"4":8,"5":4,"6":4,"7":4,"8":4,"9":4,"10":4,"11":4,"12":4,"13":4,"14":4,"15":4,"16":4,"17":4,"18":4,"19":4,"20":4,"21":4,"22":4,"23":4,"24":0,"25":0,"26":4,"27":4,"28":4,"29":4,"30":4},"branchMap":{"0":{"type":"branch","line":4,"loc":{"start":{"line":4,"column":29},"end":{"line":31,"column":2}},"locations":[{"start":{"line":4,"column":29},"end":{"line":31,"column":2}}]},"1":{"type":"branch","line":5,"loc":{"start":{"line":5,"column":8},"end":{"line":5,"column":21}},"locations":[{"start":{"line":5,"column":8},"end":{"line":5,"column":21}}]},"2":{"type":"branch","line":5,"loc":{"start":{"line":5,"column":21},"end":{"line":5,"column":30}},"locations":[{"start":{"line":5,"column":21},"end":{"line":5,"column":30}}]},"3":{"type":"branch","line":5,"loc":{"start":{"line":5,"column":32},"end":{"line":31,"column":2}},"locations":[{"start":{"line":5,"column":32},"end":{"line":31,"column":2}}]},"4":{"type":"branch","line":11,"loc":{"start":{"line":11,"column":21},"end":{"line":30,"column":3}},"locations":[{"start":{"line":11,"column":21},"end":{"line":30,"column":3}}]},"5":{"type":"branch","line":23,"loc":{"start":{"line":23,"column":6},"end":{"line":28,"column":7}},"locations":[{"start":{"line":23,"column":6},"end":{"line":28,"column":7}}]},"6":{"type":"branch","line":24,"loc":{"start":{"line":24,"column":17},"end":{"line":26,"column":9}},"locations":[{"start":{"line":24,"column":17},"end":{"line":26,"column":9}}]}},"b":{"0":[8],"1":[5],"2":[4],"3":[4],"4":[4],"5":[4],"6":[0]},"fnMap":{"0":{"name":"generateToken","decl":{"start":{"line":4,"column":29},"end":{"line":31,"column":2}},"loc":{"start":{"line":4,"column":29},"end":{"line":31,"column":2}},"line":4}},"f":{"0":8}}
,"C:\\Users\\Pastelin\\Developments\\mychatsAPI\\helpers\\replaceVariables.js": {"path":"C:\\Users\\Pastelin\\Developments\\mychatsAPI\\helpers\\replaceVariables.js","all":false,"statementMap":{"0":{"start":{"line":1,"column":0},"end":{"line":1,"column":62}},"1":{"start":{"line":2,"column":0},"end":{"line":2,"column":44}},"2":{"start":{"line":3,"column":0},"end":{"line":3,"column":47}},"3":{"start":{"line":4,"column":0},"end":{"line":4,"column":48}},"4":{"start":{"line":5,"column":0},"end":{"line":5,"column":7}},"5":{"start":{"line":6,"column":0},"end":{"line":6,"column":4}},"6":{"start":{"line":7,"column":0},"end":{"line":7,"column":16}},"7":{"start":{"line":8,"column":0},"end":{"line":8,"column":1}}},"s":{"0":1,"1":3,"2":6,"3":6,"4":3,"5":3,"6":3,"7":3},"branchMap":{"0":{"type":"branch","line":1,"loc":{"start":{"line":1,"column":15},"end":{"line":8,"column":1}},"locations":[{"start":{"line":1,"column":15},"end":{"line":8,"column":1}}]},"1":{"type":"branch","line":2,"loc":{"start":{"line":2,"column":25},"end":{"line":5,"column":5}},"locations":[{"start":{"line":2,"column":25},"end":{"line":5,"column":5}}]}},"b":{"0":[3],"1":[6]},"fnMap":{"0":{"name":"replaceVariables","decl":{"start":{"line":1,"column":15},"end":{"line":8,"column":1}},"loc":{"start":{"line":1,"column":15},"end":{"line":8,"column":1}},"line":1}},"f":{"0":3}}
,"C:\\Users\\Pastelin\\Developments\\mychatsAPI\\helpers\\whatsapp.js": {"path":"C:\\Users\\Pastelin\\Developments\\mychatsAPI\\helpers\\whatsapp.js","all":false,"statementMap":{"0":{"start":{"line":1,"column":0},"end":{"line":1,"column":29}},"1":{"start":{"line":2,"column":0},"end":{"line":2,"column":0}},"2":{"start":{"line":3,"column":0},"end":{"line":3,"column":79}},"3":{"start":{"line":4,"column":0},"end":{"line":4,"column":47}},"4":{"start":{"line":5,"column":0},"end":{"line":5,"column":50}},"5":{"start":{"line":6,"column":0},"end":{"line":6,"column":3}},"6":{"start":{"line":7,"column":0},"end":{"line":7,"column":0}},"7":{"start":{"line":8,"column":0},"end":{"line":8,"column":71}},"8":{"start":{"line":9,"column":0},"end":{"line":9,"column":0}},"9":{"start":{"line":10,"column":0},"end":{"line":10,"column":24}},"10":{"start":{"line":11,"column":0},"end":{"line":11,"column":34}},"11":{"start":{"line":12,"column":0},"end":{"line":12,"column":33}},"12":{"start":{"line":13,"column":0},"end":{"line":13,"column":20}},"13":{"start":{"line":14,"column":0},"end":{"line":14,"column":17}},"14":{"start":{"line":15,"column":0},"end":{"line":15,"column":11}},"15":{"start":{"line":16,"column":0},"end":{"line":16,"column":25}},"16":{"start":{"line":17,"column":0},"end":{"line":17,"column":20}},"17":{"start":{"line":18,"column":0},"end":{"line":18,"column":6}},"18":{"start":{"line":19,"column":0},"end":{"line":19,"column":4}},"19":{"start":{"line":20,"column":0},"end":{"line":20,"column":0}},"20":{"start":{"line":21,"column":0},"end":{"line":21,"column":7}},"21":{"start":{"line":22,"column":0},"end":{"line":22,"column":55}},"22":{"start":{"line":23,"column":0},"end":{"line":23,"column":40}},"23":{"start":{"line":24,"column":0},"end":{"line":24,"column":19}},"24":{"start":{"line":25,"column":0},"end":{"line":25,"column":77}},"25":{"start":{"line":26,"column":0},"end":{"line":26,"column":65}},"26":{"start":{"line":27,"column":0},"end":{"line":27,"column":76}},"27":{"start":{"line":28,"column":0},"end":{"line":28,"column":12}},"28":{"start":{"line":29,"column":0},"end":{"line":29,"column":51}},"29":{"start":{"line":30,"column":0},"end":{"line":30,"column":5}},"30":{"start":{"line":31,"column":0},"end":{"line":31,"column":3}},"31":{"start":{"line":32,"column":0},"end":{"line":32,"column":2}}},"s":{"0":1,"1":1,"2":1,"3":5,"4":3,"5":2,"6":2,"7":2,"8":2,"9":2,"10":2,"11":2,"12":2,"13":2,"14":2,"15":2,"16":2,"17":2,"18":2,"19":2,"20":2,"21":2,"22":1,"23":1,"24":1,"25":1,"26":1,"27":0,"28":0,"29":1,"30":1,"31":1},"branchMap":{"0":{"type":"branch","line":2,"loc":{"start":{"line":2,"column":-2},"end":{"line":2,"column":0}},"locations":[{"start":{"line":2,"column":-2},"end":{"line":2,"column":0}}]},"1":{"type":"branch","line":3,"loc":{"start":{"line":3,"column":32},"end":{"line":3,"column":35}},"locations":[{"start":{"line":3,"column":32},"end":{"line":3,"column":35}}]},"2":{"type":"branch","line":3,"loc":{"start":{"line":3,"column":35},"end":{"line":29,"column":51}},"locations":[{"start":{"line":3,"column":35},"end":{"line":29,"column":51}}]},"3":{"type":"branch","line":3,"loc":{"start":{"line":3,"column":73},"end":{"line":29,"column":51}},"locations":[{"start":{"line":3,"column":73},"end":{"line":29,"column":51}}]},"4":{"type":"branch","line":3,"loc":{"start":{"line":3,"column":73},"end":{"line":29,"column":51}},"locations":[{"start":{"line":3,"column":73},"end":{"line":29,"column":51}}]},"5":{"type":"branch","line":3,"loc":{"start":{"line":3,"column":73},"end":{"line":5,"column":50}},"locations":[{"start":{"line":3,"column":73},"end":{"line":5,"column":50}}]},"6":{"type":"branch","line":4,"loc":{"start":{"line":4,"column":16},"end":{"line":4,"column":32}},"locations":[{"start":{"line":4,"column":16},"end":{"line":4,"column":32}}]},"7":{"type":"branch","line":4,"loc":{"start":{"line":4,"column":32},"end":{"line":4,"column":44}},"locations":[{"start":{"line":4,"column":32},"end":{"line":4,"column":44}}]},"8":{"type":"branch","line":4,"loc":{"start":{"line":4,"column":44},"end":{"line":4,"column":47}},"locations":[{"start":{"line":4,"column":44},"end":{"line":4,"column":47}}]},"9":{"type":"branch","line":4,"loc":{"start":{"line":4,"column":44},"end":{"line":5,"column":50}},"locations":[{"start":{"line":4,"column":44},"end":{"line":5,"column":50}}]},"10":{"type":"branch","line":5,"loc":{"start":{"line":5,"column":49},"end":{"line":22,"column":55}},"locations":[{"start":{"line":5,"column":49},"end":{"line":22,"column":55}}]},"11":{"type":"branch","line":22,"loc":{"start":{"line":22,"column":54},"end":{"line":23,"column":40}},"locations":[{"start":{"line":22,"column":54},"end":{"line":23,"column":40}}]},"12":{"type":"branch","line":23,"loc":{"start":{"line":23,"column":39},"end":{"line":27,"column":76}},"locations":[{"start":{"line":23,"column":39},"end":{"line":27,"column":76}}]},"13":{"type":"branch","line":25,"loc":{"start":{"line":25,"column":74},"end":{"line":25,"column":77}},"locations":[{"start":{"line":25,"column":74},"end":{"line":25,"column":77}}]},"14":{"type":"branch","line":27,"loc":{"start":{"line":27,"column":38},"end":{"line":27,"column":74}},"locations":[{"start":{"line":27,"column":38},"end":{"line":27,"column":74}}]},"15":{"type":"branch","line":27,"loc":{"start":{"line":27,"column":75},"end":{"line":29,"column":51}},"locations":[{"start":{"line":27,"column":75},"end":{"line":29,"column":51}}]},"16":{"type":"branch","line":29,"loc":{"start":{"line":29,"column":50},"end":{"line":29,"column":51}},"locations":[{"start":{"line":29,"column":50},"end":{"line":29,"column":51}}]},"17":{"type":"branch","line":29,"loc":{"start":{"line":29,"column":50},"end":{"line":29,"column":51}},"locations":[{"start":{"line":29,"column":50},"end":{"line":29,"column":51}}]}},"b":{"0":[1],"1":[1],"2":[5],"3":[12],"4":[14],"5":[5],"6":[4],"7":[3],"8":[2],"9":[3],"10":[2],"11":[1],"12":[1],"13":[0],"14":[0],"15":[0],"16":[0],"17":[5]},"fnMap":{"0":{"name":"_regeneratorRuntime","decl":{"start":{"line":2,"column":-2},"end":{"line":2,"column":0}},"loc":{"start":{"line":2,"column":-2},"end":{"line":2,"column":0}},"line":2},"1":{"name":"_callee","decl":{"start":{"line":3,"column":35},"end":{"line":29,"column":51}},"loc":{"start":{"line":3,"column":35},"end":{"line":29,"column":51}},"line":3},"2":{"name":"_callee$","decl":{"start":{"line":3,"column":73},"end":{"line":29,"column":51}},"loc":{"start":{"line":3,"column":73},"end":{"line":29,"column":51}},"line":3}},"f":{"0":1,"1":5,"2":12}}
,"C:\\Users\\Pastelin\\Developments\\mychatsAPI\\middleware\\jwtValidator.js": {"path":"C:\\Users\\Pastelin\\Developments\\mychatsAPI\\middleware\\jwtValidator.js","all":false,"statementMap":{"0":{"start":{"line":1,"column":0},"end":{"line":1,"column":31}},"1":{"start":{"line":2,"column":0},"end":{"line":2,"column":0}},"2":{"start":{"line":3,"column":0},"end":{"line":3,"column":49}},"3":{"start":{"line":4,"column":0},"end":{"line":4,"column":0}},"4":{"start":{"line":5,"column":0},"end":{"line":5,"column":40}},"5":{"start":{"line":6,"column":0},"end":{"line":6,"column":17}},"6":{"start":{"line":7,"column":0},"end":{"line":7,"column":37}},"7":{"start":{"line":8,"column":0},"end":{"line":8,"column":22}},"8":{"start":{"line":9,"column":0},"end":{"line":9,"column":55}},"9":{"start":{"line":10,"column":0},"end":{"line":10,"column":11}},"10":{"start":{"line":11,"column":0},"end":{"line":11,"column":5}},"11":{"start":{"line":12,"column":0},"end":{"line":12,"column":0}},"12":{"start":{"line":13,"column":0},"end":{"line":13,"column":9}},"13":{"start":{"line":14,"column":0},"end":{"line":14,"column":86}},"14":{"start":{"line":15,"column":0},"end":{"line":15,"column":0}},"15":{"start":{"line":16,"column":0},"end":{"line":16,"column":20}},"16":{"start":{"line":17,"column":0},"end":{"line":17,"column":32}},"17":{"start":{"line":18,"column":0},"end":{"line":18,"column":24}},"18":{"start":{"line":19,"column":0},"end":{"line":19,"column":13}},"19":{"start":{"line":20,"column":0},"end":{"line":20,"column":37}},"20":{"start":{"line":21,"column":0},"end":{"line":21,"column":22}},"21":{"start":{"line":22,"column":0},"end":{"line":22,"column":36}},"22":{"start":{"line":23,"column":0},"end":{"line":23,"column":11}},"23":{"start":{"line":24,"column":0},"end":{"line":24,"column":5}},"24":{"start":{"line":25,"column":0},"end":{"line":25,"column":0}},"25":{"start":{"line":26,"column":0},"end":{"line":26,"column":11}},"26":{"start":{"line":27,"column":0},"end":{"line":27,"column":1}},"27":{"start":{"line":28,"column":0},"end":{"line":28,"column":0}},"28":{"start":{"line":29,"column":0},"end":{"line":29,"column":50}},"29":{"start":{"line":30,"column":0},"end":{"line":30,"column":40}},"30":{"start":{"line":31,"column":0},"end":{"line":31,"column":0}},"31":{"start":{"line":32,"column":0},"end":{"line":32,"column":16}},"32":{"start":{"line":33,"column":0},"end":{"line":33,"column":37}},"33":{"start":{"line":34,"column":0},"end":{"line":34,"column":22}},"34":{"start":{"line":35,"column":0},"end":{"line":35,"column":54}},"35":{"start":{"line":36,"column":0},"end":{"line":36,"column":10}},"36":{"start":{"line":37,"column":0},"end":{"line":37,"column":5}},"37":{"start":{"line":38,"column":0},"end":{"line":38,"column":4}},"38":{"start":{"line":39,"column":0},"end":{"line":39,"column":9}},"39":{"start":{"line":40,"column":0},"end":{"line":40,"column":69}},"40":{"start":{"line":41,"column":0},"end":{"line":41,"column":53}},"41":{"start":{"line":42,"column":0},"end":{"line":42,"column":22}},"42":{"start":{"line":43,"column":0},"end":{"line":43,"column":39}},"43":{"start":{"line":44,"column":0},"end":{"line":44,"column":10}},"44":{"start":{"line":45,"column":0},"end":{"line":45,"column":0}},"45":{"start":{"line":46,"column":0},"end":{"line":46,"column":13}},"46":{"start":{"line":47,"column":0},"end":{"line":47,"column":37}},"47":{"start":{"line":48,"column":0},"end":{"line":48,"column":22}},"48":{"start":{"line":49,"column":0},"end":{"line":49,"column":36}},"49":{"start":{"line":50,"column":0},"end":{"line":50,"column":11}},"50":{"start":{"line":51,"column":0},"end":{"line":51,"column":6}},"51":{"start":{"line":52,"column":0},"end":{"line":52,"column":0}},"52":{"start":{"line":53,"column":0},"end":{"line":53,"column":11}},"53":{"start":{"line":54,"column":0},"end":{"line":54,"column":1}}},"s":{"0":1,"1":1,"2":1,"3":3,"4":3,"5":3,"6":1,"7":1,"8":1,"9":1,"10":1,"11":2,"12":2,"13":2,"14":2,"15":2,"16":2,"17":2,"18":3,"19":1,"20":1,"21":1,"22":1,"23":1,"24":1,"25":1,"26":1,"27":1,"28":1,"29":4,"30":4,"31":4,"32":1,"33":1,"34":1,"35":1,"36":1,"37":3,"38":3,"39":3,"40":4,"41":1,"42":1,"43":1,"44":4,"45":4,"46":1,"47":1,"48":1,"49":1,"50":1,"51":1,"52":1,"53":1},"branchMap":{"0":{"type":"branch","line":3,"loc":{"start":{"line":3,"column":28},"end":{"line":27,"column":1}},"locations":[{"start":{"line":3,"column":28},"end":{"line":27,"column":1}}]},"1":{"type":"branch","line":6,"loc":{"start":{"line":6,"column":16},"end":{"line":11,"column":5}},"locations":[{"start":{"line":6,"column":16},"end":{"line":11,"column":5}}]},"2":{"type":"branch","line":11,"loc":{"start":{"line":11,"column":4},"end":{"line":19,"column":6}},"locations":[{"start":{"line":11,"column":4},"end":{"line":19,"column":6}}]},"3":{"type":"branch","line":19,"loc":{"start":{"line":19,"column":6},"end":{"line":27,"column":1}},"locations":[{"start":{"line":19,"column":6},"end":{"line":27,"column":1}}]},"4":{"type":"branch","line":29,"loc":{"start":{"line":29,"column":30},"end":{"line":54,"column":1}},"locations":[{"start":{"line":29,"column":30},"end":{"line":54,"column":1}}]},"5":{"type":"branch","line":32,"loc":{"start":{"line":32,"column":15},"end":{"line":37,"column":5}},"locations":[{"start":{"line":32,"column":15},"end":{"line":37,"column":5}}]},"6":{"type":"branch","line":37,"loc":{"start":{"line":37,"column":4},"end":{"line":41,"column":24}},"locations":[{"start":{"line":37,"column":4},"end":{"line":41,"column":24}}]},"7":{"type":"branch","line":41,"loc":{"start":{"line":41,"column":24},"end":{"line":44,"column":10}},"locations":[{"start":{"line":41,"column":24},"end":{"line":44,"column":10}}]},"8":{"type":"branch","line":46,"loc":{"start":{"line":46,"column":6},"end":{"line":54,"column":1}},"locations":[{"start":{"line":46,"column":6},"end":{"line":54,"column":1}}]}},"b":{"0":[3],"1":[1],"2":[2],"3":[1],"4":[4],"5":[1],"6":[3],"7":[1],"8":[1]},"fnMap":{"0":{"name":"jwtValidator","decl":{"start":{"line":3,"column":28},"end":{"line":27,"column":1}},"loc":{"start":{"line":3,"column":28},"end":{"line":27,"column":1}},"line":3},"1":{"name":"adminValidator","decl":{"start":{"line":29,"column":30},"end":{"line":54,"column":1}},"loc":{"start":{"line":29,"column":30},"end":{"line":54,"column":1}},"line":29}},"f":{"0":3,"1":4}}
}
