TN:
SF:helpers\formatNumber.js
FN:1,formatNumber
FNF:1
FNH:1
FNDA:7,formatNumber
DA:1,1
DA:2,7
DA:3,2
DA:4,2
DA:5,7
DA:6,2
DA:7,2
DA:8,3
DA:9,3
DA:10,3
LF:10
LH:10
BRDA:1,0,0,7
BRDA:2,1,0,2
BRDA:4,2,0,5
BRDA:5,3,0,3
BRDA:5,4,0,2
BRDA:7,5,0,3
BRF:6
BRH:6
end_of_record
TN:
SF:helpers\jwt.js
FN:4,generateToken
FNF:1
FNH:1
FNDA:8,generateToken
DA:1,1
DA:2,1
DA:3,1
DA:4,1
DA:5,8
DA:6,4
DA:7,4
DA:8,4
DA:9,4
DA:10,4
DA:11,4
DA:12,4
DA:13,4
DA:14,4
DA:15,4
DA:16,4
DA:17,4
DA:18,4
DA:19,4
DA:20,4
DA:21,4
DA:22,4
DA:23,4
DA:24,4
DA:25,0
DA:26,0
DA:27,4
DA:28,4
DA:29,4
DA:30,4
DA:31,4
LF:31
LH:29
BRDA:4,0,0,8
BRDA:5,1,0,5
BRDA:5,2,0,4
BRDA:5,3,0,4
BRDA:11,4,0,4
BRDA:23,5,0,4
BRDA:24,6,0,0
BRF:7
BRH:6
end_of_record
TN:
SF:helpers\replaceVariables.js
FN:1,replaceVariables
FNF:1
FNH:1
FNDA:3,replaceVariables
DA:1,1
DA:2,3
DA:3,6
DA:4,6
DA:5,3
DA:6,3
DA:7,3
DA:8,3
LF:8
LH:8
BRDA:1,0,0,3
BRDA:2,1,0,6
BRF:2
BRH:2
end_of_record
TN:
SF:helpers\whatsapp.js
FN:2,_regeneratorRuntime
FN:3,_callee
FN:3,_callee$
FNF:3
FNH:3
FNDA:1,_regeneratorRuntime
FNDA:5,_callee
FNDA:12,_callee$
DA:1,1
DA:2,1
DA:3,1
DA:4,5
DA:5,3
DA:6,2
DA:7,2
DA:8,2
DA:9,2
DA:10,2
DA:11,2
DA:12,2
DA:13,2
DA:14,2
DA:15,2
DA:16,2
DA:17,2
DA:18,2
DA:19,2
DA:20,2
DA:21,2
DA:22,2
DA:23,1
DA:24,1
DA:25,1
DA:26,1
DA:27,1
DA:28,0
DA:29,0
DA:30,1
DA:31,1
DA:32,1
LF:32
LH:30
BRDA:2,0,0,1
BRDA:3,1,0,1
BRDA:3,2,0,5
BRDA:3,3,0,12
BRDA:3,4,0,14
BRDA:3,5,0,5
BRDA:4,6,0,4
BRDA:4,7,0,3
BRDA:4,8,0,2
BRDA:4,9,0,3
BRDA:5,10,0,2
BRDA:22,11,0,1
BRDA:23,12,0,1
BRDA:25,13,0,0
BRDA:27,14,0,0
BRDA:27,15,0,0
BRDA:29,16,0,0
BRDA:29,17,0,5
BRF:18
BRH:14
end_of_record
TN:
SF:middleware\jwtValidator.js
FN:3,jwtValidator
FN:29,adminValidator
FNF:2
FNH:2
FNDA:3,jwtValidator
FNDA:4,adminValidator
DA:1,1
DA:2,1
DA:3,1
DA:4,3
DA:5,3
DA:6,3
DA:7,1
DA:8,1
DA:9,1
DA:10,1
DA:11,1
DA:12,2
DA:13,2
DA:14,2
DA:15,2
DA:16,2
DA:17,2
DA:18,2
DA:19,3
DA:20,1
DA:21,1
DA:22,1
DA:23,1
DA:24,1
DA:25,1
DA:26,1
DA:27,1
DA:28,1
DA:29,1
DA:30,4
DA:31,4
DA:32,4
DA:33,1
DA:34,1
DA:35,1
DA:36,1
DA:37,1
DA:38,3
DA:39,3
DA:40,3
DA:41,4
DA:42,1
DA:43,1
DA:44,1
DA:45,4
DA:46,4
DA:47,1
DA:48,1
DA:49,1
DA:50,1
DA:51,1
DA:52,1
DA:53,1
DA:54,1
LF:54
LH:54
BRDA:3,0,0,3
BRDA:6,1,0,1
BRDA:11,2,0,2
BRDA:19,3,0,1
BRDA:29,4,0,4
BRDA:32,5,0,1
BRDA:37,6,0,3
BRDA:41,7,0,1
BRDA:46,8,0,1
BRF:9
BRH:9
end_of_record
